[debug] [2021-09-24T18:39:14.541Z] ----------------------------------------------------------------------
[debug] [2021-09-24T18:39:14.542Z] Command:       /usr/local/bin/node /usr/local/bin/firebase init
[debug] [2021-09-24T18:39:14.543Z] CLI Version:   9.18.0
[debug] [2021-09-24T18:39:14.543Z] Platform:      darwin
[debug] [2021-09-24T18:39:14.543Z] Node Version:  v14.15.5
[debug] [2021-09-24T18:39:14.544Z] Time:          Fri Sep 24 2021 14:39:14 GMT-0400 (Eastern Daylight Time)
[debug] [2021-09-24T18:39:14.544Z] ----------------------------------------------------------------------
[debug] 
[debug] [2021-09-24T18:39:14.547Z] >>> [apiv2][query] GET https://firebase-public.firebaseio.com/cli.json [none]
[debug] [2021-09-24T18:39:14.569Z] > command requires scopes: ["email","openid","https://www.googleapis.com/auth/cloudplatformprojects.readonly","https://www.googleapis.com/auth/firebase","https://www.googleapis.com/auth/cloud-platform"]
[debug] [2021-09-24T18:39:14.569Z] > authorizing via signed-in user (gl.david.gl@gmail.com)
[info] 
     ######## #### ########  ######## ########     ###     ######  ########
     ##        ##  ##     ## ##       ##     ##  ##   ##  ##       ##
     ######    ##  ########  ######   ########  #########  ######  ######
     ##        ##  ##    ##  ##       ##     ## ##     ##       ## ##
     ##       #### ##     ## ######## ########  ##     ##  ######  ########

You're about to initialize a Firebase project in this directory:

  /Users/david/Desktop/MIT/Capstone Bank/Capstone Option 1_starter

[debug] [2021-09-24T18:39:14.782Z] <<< [apiv2][status] GET https://firebase-public.firebaseio.com/cli.json 200
[debug] [2021-09-24T18:39:14.783Z] <<< [apiv2][body] GET https://firebase-public.firebaseio.com/cli.json {"cloudBuildErrorAfter":1594252800000,"cloudBuildWarnAfter":1590019200000,"defaultNode10After":1594252800000,"minVersion":"3.0.5","node8DeploysDisabledAfter":1613390400000,"node8RuntimeDisabledAfter":1615809600000,"node8WarnAfter":1600128000000}
